Sun, 24 Sep 2017 22:39:01 test.py[line:82] 9344 INFO SUCCEED pid is: 9374 | stream id is 20
Sun, 24 Sep 2017 22:39:01 test.py[line:88] 9344 DEBUG SUCCESS manual
Sun, 24 Sep 2017 22:39:01 test.py[line:91] 9344 DEBUG model exists
Sun, 24 Sep 2017 22:39:01 test.py[line:82] 9344 INFO SUCCEED pid is: 9375 | stream id is 25
Sun, 24 Sep 2017 22:39:01 test.py[line:88] 9344 DEBUG SUCCESS manual
Sun, 24 Sep 2017 22:39:01 test.py[line:91] 9344 DEBUG model exists
Sun, 24 Sep 2017 22:39:01 test.py[line:107] 9344 DEBUG epoch 1506263941 is over
Sun, 24 Sep 2017 22:40:02 test.py[line:82] 9464 INFO SUCCEED pid is: 9495 | stream id is 20
Sun, 24 Sep 2017 22:40:02 test.py[line:88] 9464 DEBUG SUCCESS manual
Sun, 24 Sep 2017 22:40:02 test.py[line:93] 9464 DEBUG model not exists
Sun, 24 Sep 2017 22:40:02 test.py[line:82] 9464 INFO SUCCEED pid is: 9496 | stream id is 25
Sun, 24 Sep 2017 22:40:02 test.py[line:88] 9464 DEBUG SUCCESS manual
Sun, 24 Sep 2017 22:40:02 test.py[line:93] 9464 DEBUG model not exists
Sun, 24 Sep 2017 22:40:02 test.py[line:107] 9464 DEBUG epoch 1506264002 is over
Sun, 24 Sep 2017 22:41:01 test.py[line:82] 9558 INFO SUCCEED pid is: 9591 | stream id is 20
Sun, 24 Sep 2017 22:41:01 test.py[line:88] 9558 DEBUG SUCCESS manual
Sun, 24 Sep 2017 22:41:01 test.py[line:93] 9558 DEBUG model not exists
Sun, 24 Sep 2017 22:41:01 test.py[line:82] 9558 INFO SUCCEED pid is: 9592 | stream id is 25
Sun, 24 Sep 2017 22:41:01 test.py[line:88] 9558 DEBUG SUCCESS manual
Sun, 24 Sep 2017 22:41:01 test.py[line:93] 9558 DEBUG model not exists
Sun, 24 Sep 2017 22:41:01 test.py[line:107] 9558 DEBUG epoch 1506264061 is over
Sun, 24 Sep 2017 22:42:02 test.py[line:82] 9647 INFO SUCCEED pid is: 9687 | stream id is 20
Sun, 24 Sep 2017 22:42:02 test.py[line:88] 9647 DEBUG SUCCESS manual
Sun, 24 Sep 2017 22:42:02 test.py[line:93] 9647 DEBUG model not exists
Sun, 24 Sep 2017 22:42:02 test.py[line:82] 9647 INFO SUCCEED pid is: 9688 | stream id is 25
Sun, 24 Sep 2017 22:42:02 test.py[line:88] 9647 DEBUG SUCCESS manual
Sun, 24 Sep 2017 22:42:02 test.py[line:93] 9647 DEBUG model not exists
Sun, 24 Sep 2017 22:42:02 test.py[line:107] 9647 DEBUG epoch 1506264122 is over
Sun, 24 Sep 2017 22:43:02 test.py[line:82] 9751 INFO SUCCEED pid is: 9782 | stream id is 20
Sun, 24 Sep 2017 22:43:02 test.py[line:88] 9751 DEBUG SUCCESS manual
Sun, 24 Sep 2017 22:43:02 test.py[line:93] 9751 DEBUG model not exists
Sun, 24 Sep 2017 22:43:02 test.py[line:82] 9751 INFO SUCCEED pid is: 9783 | stream id is 25
Sun, 24 Sep 2017 22:43:02 test.py[line:88] 9751 DEBUG SUCCESS manual
Sun, 24 Sep 2017 22:43:02 test.py[line:93] 9751 DEBUG model not exists
Sun, 24 Sep 2017 22:43:02 test.py[line:107] 9751 DEBUG epoch 1506264182 is over
Sun, 24 Sep 2017 22:44:01 test.py[line:82] 9846 INFO SUCCEED pid is: 9877 | stream id is 20
Sun, 24 Sep 2017 22:44:01 test.py[line:88] 9846 DEBUG SUCCESS manual
Sun, 24 Sep 2017 22:44:01 test.py[line:93] 9846 DEBUG model not exists
Sun, 24 Sep 2017 22:44:01 test.py[line:82] 9846 INFO SUCCEED pid is: 9878 | stream id is 25
Sun, 24 Sep 2017 22:44:01 test.py[line:88] 9846 DEBUG SUCCESS manual
Sun, 24 Sep 2017 22:44:01 test.py[line:93] 9846 DEBUG model not exists
Sun, 24 Sep 2017 22:44:01 test.py[line:107] 9846 DEBUG epoch 1506264241 is over
Sun, 24 Sep 2017 22:45:02 test.py[line:82] 9939 INFO SUCCEED pid is: 9972 | stream id is 20
Sun, 24 Sep 2017 22:45:02 test.py[line:88] 9939 DEBUG SUCCESS manual
Sun, 24 Sep 2017 22:45:02 test.py[line:93] 9939 DEBUG model not exists
Sun, 24 Sep 2017 22:45:02 test.py[line:82] 9939 INFO SUCCEED pid is: 9973 | stream id is 25
Sun, 24 Sep 2017 22:45:02 test.py[line:88] 9939 DEBUG SUCCESS manual
Sun, 24 Sep 2017 22:45:02 test.py[line:93] 9939 DEBUG model not exists
Sun, 24 Sep 2017 22:45:02 test.py[line:107] 9939 DEBUG epoch 1506264302 is over
Sun, 24 Sep 2017 22:46:02 test.py[line:82] 10036 INFO SUCCEED pid is: 10067 | stream id is 20
Sun, 24 Sep 2017 22:46:02 test.py[line:88] 10036 DEBUG SUCCESS manual
Sun, 24 Sep 2017 22:46:02 test.py[line:93] 10036 DEBUG model not exists
Sun, 24 Sep 2017 22:46:02 test.py[line:82] 10036 INFO SUCCEED pid is: 10068 | stream id is 25
Sun, 24 Sep 2017 22:46:02 test.py[line:88] 10036 DEBUG SUCCESS manual
Sun, 24 Sep 2017 22:46:02 test.py[line:93] 10036 DEBUG model not exists
Sun, 24 Sep 2017 22:46:02 test.py[line:107] 10036 DEBUG epoch 1506264362 is over
Sun, 24 Sep 2017 22:47:01 test.py[line:82] 10131 INFO SUCCEED pid is: 10162 | stream id is 20
Sun, 24 Sep 2017 22:47:01 test.py[line:88] 10131 DEBUG SUCCESS manual
Sun, 24 Sep 2017 22:47:01 test.py[line:93] 10131 DEBUG model not exists
Sun, 24 Sep 2017 22:47:01 test.py[line:82] 10131 INFO SUCCEED pid is: 10163 | stream id is 25
Sun, 24 Sep 2017 22:47:01 test.py[line:88] 10131 DEBUG SUCCESS manual
Sun, 24 Sep 2017 22:47:01 test.py[line:93] 10131 DEBUG model not exists
Sun, 24 Sep 2017 22:47:01 test.py[line:107] 10131 DEBUG epoch 1506264421 is over
Sun, 24 Sep 2017 22:48:02 test.py[line:82] 10225 INFO SUCCEED pid is: 10258 | stream id is 20
Sun, 24 Sep 2017 22:48:02 test.py[line:88] 10225 DEBUG SUCCESS manual
Sun, 24 Sep 2017 22:48:02 test.py[line:93] 10225 DEBUG model not exists
Sun, 24 Sep 2017 22:48:02 test.py[line:82] 10225 INFO SUCCEED pid is: 10259 | stream id is 25
Sun, 24 Sep 2017 22:48:02 test.py[line:88] 10225 DEBUG SUCCESS manual
Sun, 24 Sep 2017 22:48:02 test.py[line:93] 10225 DEBUG model not exists
Sun, 24 Sep 2017 22:48:02 test.py[line:107] 10225 DEBUG epoch 1506264482 is over
Sun, 24 Sep 2017 22:49:02 test.py[line:82] 10323 INFO SUCCEED pid is: 10354 | stream id is 20
Sun, 24 Sep 2017 22:49:02 test.py[line:88] 10323 DEBUG SUCCESS manual
Sun, 24 Sep 2017 22:49:02 test.py[line:95] 10323 DEBUG model not exists
Sun, 24 Sep 2017 22:49:02 test.py[line:82] 10323 INFO SUCCEED pid is: 10355 | stream id is 25
Sun, 24 Sep 2017 22:49:02 test.py[line:88] 10323 DEBUG SUCCESS manual
Sun, 24 Sep 2017 22:49:02 test.py[line:95] 10323 DEBUG model not exists
Sun, 24 Sep 2017 22:49:02 test.py[line:109] 10323 DEBUG epoch 1506264542 is over -----------------------------------------
Sun, 24 Sep 2017 22:50:01 test.py[line:82] 10417 INFO SUCCEED pid is: 10449 | stream id is 20
Sun, 24 Sep 2017 22:50:01 test.py[line:88] 10417 DEBUG SUCCESS manual
Sun, 24 Sep 2017 22:50:01 test.py[line:95] 10417 DEBUG model not exists
Sun, 24 Sep 2017 22:50:01 test.py[line:82] 10417 INFO SUCCEED pid is: 10450 | stream id is 25
Sun, 24 Sep 2017 22:50:01 test.py[line:88] 10417 DEBUG SUCCESS manual
Sun, 24 Sep 2017 22:50:01 test.py[line:95] 10417 DEBUG model not exists
Sun, 24 Sep 2017 22:50:01 test.py[line:109] 10417 DEBUG epoch 1506264601 is over -----------------------------------------
Sun, 24 Sep 2017 22:51:02 test.py[line:82] 10513 INFO SUCCEED pid is: 10544 | stream id is 20
Sun, 24 Sep 2017 22:51:02 test.py[line:88] 10513 DEBUG SUCCESS manual
Sun, 24 Sep 2017 22:51:02 test.py[line:95] 10513 DEBUG model not exists
Sun, 24 Sep 2017 22:51:02 test.py[line:82] 10513 INFO SUCCEED pid is: 10545 | stream id is 25
Sun, 24 Sep 2017 22:51:02 test.py[line:88] 10513 DEBUG SUCCESS manual
Sun, 24 Sep 2017 22:51:02 test.py[line:95] 10513 DEBUG model not exists
Sun, 24 Sep 2017 22:51:02 test.py[line:109] 10513 DEBUG epoch 1506264662 is over -----------------------------------------
Sun, 24 Sep 2017 22:52:02 test.py[line:82] 10608 INFO SUCCEED pid is: 10639 | stream id is 20
Sun, 24 Sep 2017 22:52:02 test.py[line:88] 10608 DEBUG SUCCESS manual
Sun, 24 Sep 2017 22:52:02 test.py[line:95] 10608 DEBUG model not exists
Sun, 24 Sep 2017 22:52:02 test.py[line:82] 10608 INFO SUCCEED pid is: 10640 | stream id is 25
Sun, 24 Sep 2017 22:52:02 test.py[line:88] 10608 DEBUG SUCCESS manual
Sun, 24 Sep 2017 22:52:02 test.py[line:95] 10608 DEBUG model not exists
Sun, 24 Sep 2017 22:52:02 test.py[line:109] 10608 DEBUG epoch 1506264722 is over -----------------------------------------
Sun, 24 Sep 2017 22:53:01 test.py[line:82] 10703 INFO SUCCEED pid is: 10734 | stream id is 20
Sun, 24 Sep 2017 22:53:01 test.py[line:88] 10703 DEBUG SUCCESS manual
Sun, 24 Sep 2017 22:53:01 test.py[line:95] 10703 DEBUG model not exists
Sun, 24 Sep 2017 22:53:01 test.py[line:82] 10703 INFO SUCCEED pid is: 10735 | stream id is 25
Sun, 24 Sep 2017 22:53:01 test.py[line:88] 10703 DEBUG SUCCESS manual
Sun, 24 Sep 2017 22:53:01 test.py[line:95] 10703 DEBUG model not exists
Sun, 24 Sep 2017 22:53:01 test.py[line:109] 10703 DEBUG epoch 1506264781 is over -----------------------------------------
Sun, 24 Sep 2017 22:54:02 test.py[line:82] 10797 INFO SUCCEED pid is: 10830 | stream id is 20
Sun, 24 Sep 2017 22:54:02 test.py[line:88] 10797 DEBUG SUCCESS manual
Sun, 24 Sep 2017 22:54:02 test.py[line:95] 10797 DEBUG model not exists
Sun, 24 Sep 2017 22:54:02 test.py[line:82] 10797 INFO SUCCEED pid is: 10831 | stream id is 25
Sun, 24 Sep 2017 22:54:02 test.py[line:88] 10797 DEBUG SUCCESS manual
Sun, 24 Sep 2017 22:54:02 test.py[line:95] 10797 DEBUG model not exists
Sun, 24 Sep 2017 22:54:02 test.py[line:109] 10797 DEBUG epoch 1506264842 is over -----------------------------------------
Sun, 24 Sep 2017 22:58:03 test.py[line:82] 2208 INFO SUCCEED pid is: 2276 | stream id is 20
Sun, 24 Sep 2017 22:58:03 test.py[line:88] 2208 DEBUG SUCCESS manual
Sun, 24 Sep 2017 22:58:03 test.py[line:95] 2208 DEBUG model not exists
Sun, 24 Sep 2017 22:58:03 test.py[line:82] 2208 INFO SUCCEED pid is: 2277 | stream id is 25
Sun, 24 Sep 2017 22:58:03 test.py[line:88] 2208 DEBUG SUCCESS manual
Sun, 24 Sep 2017 22:58:03 test.py[line:95] 2208 DEBUG model not exists
Sun, 24 Sep 2017 22:58:03 test.py[line:109] 2208 DEBUG epoch 1506265083 is over -----------------------------------------
Sun, 24 Sep 2017 22:59:01 test.py[line:82] 2512 INFO SUCCEED pid is: 2545 | stream id is 20
Sun, 24 Sep 2017 22:59:01 test.py[line:88] 2512 DEBUG SUCCESS manual
Sun, 24 Sep 2017 22:59:01 test.py[line:95] 2512 DEBUG model not exists
Sun, 24 Sep 2017 22:59:01 test.py[line:82] 2512 INFO SUCCEED pid is: 2546 | stream id is 25
Sun, 24 Sep 2017 22:59:01 test.py[line:88] 2512 DEBUG SUCCESS manual
Sun, 24 Sep 2017 22:59:01 test.py[line:95] 2512 DEBUG model not exists
Sun, 24 Sep 2017 22:59:01 test.py[line:109] 2512 DEBUG epoch 1506265141 is over -----------------------------------------
Sun, 24 Sep 2017 23:00:02 test.py[line:82] 2625 INFO SUCCEED pid is: 2661 | stream id is 20
Sun, 24 Sep 2017 23:00:02 test.py[line:88] 2625 DEBUG SUCCESS manual
Sun, 24 Sep 2017 23:00:02 test.py[line:95] 2625 DEBUG model not exists
Sun, 24 Sep 2017 23:00:02 test.py[line:82] 2625 INFO SUCCEED pid is: 2662 | stream id is 25
Sun, 24 Sep 2017 23:00:02 test.py[line:88] 2625 DEBUG SUCCESS manual
Sun, 24 Sep 2017 23:00:02 test.py[line:95] 2625 DEBUG model not exists
Sun, 24 Sep 2017 23:00:02 test.py[line:109] 2625 DEBUG epoch 1506265202 is over -----------------------------------------
Sun, 24 Sep 2017 23:01:02 test.py[line:82] 2719 INFO SUCCEED pid is: 2761 | stream id is 20
Sun, 24 Sep 2017 23:01:02 test.py[line:88] 2719 DEBUG SUCCESS manual
Sun, 24 Sep 2017 23:01:02 test.py[line:95] 2719 DEBUG model not exists
Sun, 24 Sep 2017 23:01:02 test.py[line:82] 2719 INFO SUCCEED pid is: 2762 | stream id is 25
Sun, 24 Sep 2017 23:01:02 test.py[line:88] 2719 DEBUG SUCCESS manual
Sun, 24 Sep 2017 23:01:02 test.py[line:95] 2719 DEBUG model not exists
Sun, 24 Sep 2017 23:01:02 test.py[line:109] 2719 DEBUG epoch 1506265262 is over -----------------------------------------
Sun, 24 Sep 2017 23:02:01 test.py[line:82] 2826 INFO SUCCEED pid is: 2858 | stream id is 20
Sun, 24 Sep 2017 23:02:01 test.py[line:88] 2826 DEBUG SUCCESS manual
Sun, 24 Sep 2017 23:02:01 test.py[line:95] 2826 DEBUG model not exists
Sun, 24 Sep 2017 23:02:01 test.py[line:82] 2826 INFO SUCCEED pid is: 2859 | stream id is 25
Sun, 24 Sep 2017 23:02:01 test.py[line:88] 2826 DEBUG SUCCESS manual
Sun, 24 Sep 2017 23:02:01 test.py[line:95] 2826 DEBUG model not exists
Sun, 24 Sep 2017 23:02:01 test.py[line:109] 2826 DEBUG epoch 1506265321 is over -----------------------------------------
Sun, 24 Sep 2017 23:03:02 test.py[line:82] 2922 INFO SUCCEED pid is: 2955 | stream id is 20
Sun, 24 Sep 2017 23:03:02 test.py[line:88] 2922 DEBUG SUCCESS manual
Sun, 24 Sep 2017 23:03:02 test.py[line:95] 2922 DEBUG model not exists
Sun, 24 Sep 2017 23:03:02 test.py[line:82] 2922 INFO SUCCEED pid is: 2956 | stream id is 25
Sun, 24 Sep 2017 23:03:02 test.py[line:88] 2922 DEBUG SUCCESS manual
Sun, 24 Sep 2017 23:03:02 test.py[line:95] 2922 DEBUG model not exists
Sun, 24 Sep 2017 23:03:02 test.py[line:109] 2922 DEBUG epoch 1506265382 is over -----------------------------------------
Sun, 24 Sep 2017 23:04:02 test.py[line:82] 3020 INFO SUCCEED pid is: 3051 | stream id is 20
Sun, 24 Sep 2017 23:04:02 test.py[line:88] 3020 DEBUG SUCCESS manual
Sun, 24 Sep 2017 23:04:02 test.py[line:95] 3020 DEBUG model not exists
Sun, 24 Sep 2017 23:04:02 test.py[line:82] 3020 INFO SUCCEED pid is: 3052 | stream id is 25
Sun, 24 Sep 2017 23:04:02 test.py[line:88] 3020 DEBUG SUCCESS manual
Sun, 24 Sep 2017 23:04:02 test.py[line:95] 3020 DEBUG model not exists
Sun, 24 Sep 2017 23:04:02 test.py[line:109] 3020 DEBUG epoch 1506265442 is over -----------------------------------------
Sun, 24 Sep 2017 23:05:01 test.py[line:82] 3117 INFO SUCCEED pid is: 3148 | stream id is 20
Sun, 24 Sep 2017 23:05:01 test.py[line:88] 3117 DEBUG SUCCESS manual
Sun, 24 Sep 2017 23:05:01 test.py[line:95] 3117 DEBUG model not exists
Sun, 24 Sep 2017 23:05:01 test.py[line:82] 3117 INFO SUCCEED pid is: 3149 | stream id is 25
Sun, 24 Sep 2017 23:05:01 test.py[line:88] 3117 DEBUG SUCCESS manual
Sun, 24 Sep 2017 23:05:01 test.py[line:95] 3117 DEBUG model not exists
Sun, 24 Sep 2017 23:05:01 test.py[line:109] 3117 DEBUG epoch 1506265501 is over -----------------------------------------
Sun, 24 Sep 2017 23:06:02 test.py[line:82] 3212 INFO SUCCEED pid is: 3244 | stream id is 20
Sun, 24 Sep 2017 23:06:02 test.py[line:88] 3212 DEBUG SUCCESS manual
Sun, 24 Sep 2017 23:06:02 test.py[line:95] 3212 DEBUG model not exists
Sun, 24 Sep 2017 23:06:02 test.py[line:82] 3212 INFO SUCCEED pid is: 3245 | stream id is 25
Sun, 24 Sep 2017 23:06:02 test.py[line:88] 3212 DEBUG SUCCESS manual
Sun, 24 Sep 2017 23:06:02 test.py[line:95] 3212 DEBUG model not exists
Sun, 24 Sep 2017 23:06:02 test.py[line:109] 3212 DEBUG epoch 1506265562 is over -----------------------------------------
Sun, 24 Sep 2017 23:07:01 test.py[line:82] 3309 INFO SUCCEED pid is: 3340 | stream id is 20
Sun, 24 Sep 2017 23:07:01 test.py[line:88] 3309 DEBUG SUCCESS manual
Sun, 24 Sep 2017 23:07:01 test.py[line:95] 3309 DEBUG model not exists
Sun, 24 Sep 2017 23:07:01 test.py[line:82] 3309 INFO SUCCEED pid is: 3341 | stream id is 25
Sun, 24 Sep 2017 23:07:01 test.py[line:88] 3309 DEBUG SUCCESS manual
Sun, 24 Sep 2017 23:07:01 test.py[line:95] 3309 DEBUG model not exists
Sun, 24 Sep 2017 23:07:01 test.py[line:109] 3309 DEBUG epoch 1506265621 is over -----------------------------------------
Sun, 24 Sep 2017 23:08:01 test.py[line:82] 3404 INFO SUCCEED pid is: 3435 | stream id is 20
Sun, 24 Sep 2017 23:08:01 test.py[line:88] 3404 DEBUG SUCCESS manual
Sun, 24 Sep 2017 23:08:01 test.py[line:95] 3404 DEBUG model not exists
Sun, 24 Sep 2017 23:08:01 test.py[line:82] 3404 INFO SUCCEED pid is: 3436 | stream id is 25
Sun, 24 Sep 2017 23:08:01 test.py[line:88] 3404 DEBUG SUCCESS manual
Sun, 24 Sep 2017 23:08:01 test.py[line:95] 3404 DEBUG model not exists
Sun, 24 Sep 2017 23:08:01 test.py[line:109] 3404 DEBUG epoch 1506265681 is over -----------------------------------------
Sun, 24 Sep 2017 23:09:02 test.py[line:82] 3500 INFO SUCCEED pid is: 3535 | stream id is 20
Sun, 24 Sep 2017 23:09:02 test.py[line:88] 3500 DEBUG SUCCESS manual
Sun, 24 Sep 2017 23:09:02 test.py[line:95] 3500 DEBUG model not exists
Sun, 24 Sep 2017 23:09:02 test.py[line:82] 3500 INFO SUCCEED pid is: 3536 | stream id is 25
Sun, 24 Sep 2017 23:09:02 test.py[line:88] 3500 DEBUG SUCCESS manual
Sun, 24 Sep 2017 23:09:02 test.py[line:95] 3500 DEBUG model not exists
Sun, 24 Sep 2017 23:09:02 test.py[line:109] 3500 DEBUG epoch 1506265742 is over -----------------------------------------
Sun, 24 Sep 2017 23:10:02 test.py[line:82] 3596 INFO SUCCEED pid is: 3629 | stream id is 20
Sun, 24 Sep 2017 23:10:02 test.py[line:88] 3596 DEBUG SUCCESS manual
Sun, 24 Sep 2017 23:10:02 test.py[line:95] 3596 DEBUG model not exists
Sun, 24 Sep 2017 23:10:02 test.py[line:82] 3596 INFO SUCCEED pid is: 3630 | stream id is 25
Sun, 24 Sep 2017 23:10:02 test.py[line:88] 3596 DEBUG SUCCESS manual
Sun, 24 Sep 2017 23:10:02 test.py[line:95] 3596 DEBUG model not exists
Sun, 24 Sep 2017 23:10:02 test.py[line:109] 3596 DEBUG epoch 1506265802 is over -----------------------------------------
Sun, 24 Sep 2017 23:11:01 test.py[line:82] 3701 INFO SUCCEED pid is: 3734 | stream id is 20
Sun, 24 Sep 2017 23:11:01 test.py[line:88] 3701 DEBUG SUCCESS manual
Sun, 24 Sep 2017 23:11:01 test.py[line:95] 3701 DEBUG model not exists
Sun, 24 Sep 2017 23:11:01 test.py[line:82] 3701 INFO SUCCEED pid is: 3735 | stream id is 25
Sun, 24 Sep 2017 23:11:01 test.py[line:88] 3701 DEBUG SUCCESS manual
Sun, 24 Sep 2017 23:11:01 test.py[line:95] 3701 DEBUG model not exists
Sun, 24 Sep 2017 23:11:01 test.py[line:109] 3701 DEBUG epoch 1506265861 is over -----------------------------------------
